APPLICATION	CarMaker 10.0 - Car_Generic #603 (win64-10.0)
COMPILED	fh@obelix.ipg 2021-04-01 16:39:49
 
FIRST_INIT	(internal default used)	2021-11-24 23:28:39
TIME	0.000
SIM_END			0s	0m
IDLE	23:28:39
SIM_START	unknown	2021-11-24 23:28:41
TIME	0.203
ERROR		Can't open RTTire BinFile ('Data/Tire/BAJA_Tire.50.bin')
TIME	0.020
WARNING		HydBrakeSystem 'PresDistrib': build-up time can only be zero or greater than 80ms. Time is corrected to 80ms
WARNING		PowerTrain.Engine Mapping: Engine FullLoad torque at maximum engine speed should be zero
SIM_ABORT	unknown	0s	0m
TIME	3.295
SIM_START	unknown	2021-11-24 23:29:00
TIME	3.295
ERROR		Can't open RTTire BinFile ('Data/Tire/BAJA_Tire.50.bin')
TIME	1.312
WARNING		HydBrakeSystem 'PresDistrib': build-up time can only be zero or greater than 80ms. Time is corrected to 80ms
WARNING		PowerTrain.Engine Mapping: Engine FullLoad torque at maximum engine speed should be zero
SIM_ABORT	unknown	0s	0m
TIME	4.988
SIM_START	unknown	2021-11-24 23:29:25
TIME	4.988
ERROR		Can't open RTTire BinFile ('Data/Tire/BAJA_Tire.50.bin')
WARNING		HydBrakeSystem 'PresDistrib': build-up time can only be zero or greater than 80ms. Time is corrected to 80ms
WARNING		PowerTrain.Engine Mapping: Engine FullLoad torque at maximum engine speed should be zero
TIME	0.004
SIM_ABORT	unknown	0s	0m
TIME	2.076
SIM_START	unknown	2021-11-24 23:29:45
TIME	2.076
ERROR		Not a RTTire file ('Data/Tire/80_BajaNitkRacing.50')
