

SYSTEM_START	-	G3	G3	2021-11-24 23:28:38


SYSTEM_INFO	CarMaker 10.0 - Car_Generic #603	fh@obelix.ipg 2021-04-01 16:39:49	(10.0 fh@obelix.ipg 2021-04-01 16:39:43)
SIM	1637776719	G3			0	0	0
SIM	1637776721	G3	Mallikarjun	unknown	1	0	0
SIM	1637776740	G3	Mallikarjun	unknown	1	0	0
SIM	1637776765	G3	Mallikarjun	unknown	1	0	0


SYSTEM_START	-	G3	G3	2021-11-25 22:46:55


SYSTEM_INFO	CarMaker 10.0 - Car_Generic #603	fh@obelix.ipg 2021-04-01 16:39:49	(10.0 fh@obelix.ipg 2021-04-01 16:39:43)
SIM	1637860615	G3			0	0	0


SYSTEM_START	-	G3	G3	2021-11-25 22:52:22


SYSTEM_INFO	CarMaker 10.0 - Car_Generic #603	fh@obelix.ipg 2021-04-01 16:39:49	(10.0 fh@obelix.ipg 2021-04-01 16:39:43)
SIM	1637860942	G3			0	0	0


SYSTEM_START	-	G3	G3	2021-11-25 23:00:42


SYSTEM_INFO	CarMaker 10.0 - Car_Generic #603	fh@obelix.ipg 2021-04-01 16:39:49	(10.0 fh@obelix.ipg 2021-04-01 16:39:43)
SIM	1637861442	G3			0	0	0


SYSTEM_START	-	G3	G3	2021-11-25 23:14:00


SYSTEM_INFO	CarMaker 10.0 - Car_Generic #603	fh@obelix.ipg 2021-04-01 16:39:49	(10.0 fh@obelix.ipg 2021-04-01 16:39:43)
SIM	1637862240	G3			0	0	0
SIM	1637862242	G3	Mallikarjun	unknown	0	30	371.47
SIM	1637862272	G3	Mallikarjun	unknown	0	30	371.47
SIM	1637862331	G3	Mallikarjun	unknown	0	30	371.47


SYSTEM_START	-	G3	G3	2021-11-25 23:16:24


SYSTEM_INFO	CarMaker 10.0 - Car_Generic #603	fh@obelix.ipg 2021-04-01 16:39:49	(10.0 fh@obelix.ipg 2021-04-01 16:39:43)
SIM	1637862384	G3			0	0	0
SIM	1637862387	G3	Mallikarjun	100ft	0	30	371.47
SIM	1637863295	G3	Mallikarjun	100ft	8	0	371.47
SIM	1637863309	G3	Mallikarjun	100ft	1	80.951	197.138
SIM	1637863342	G3	Mallikarjun	100ft	1	44.941	199.487
SIM	1637863434	G3	Mallikarjun	100ft	0	27.125	100.01
SIM	1637863450	G3	Mallikarjun	100ft	1	44.941	199.487
SIM	1637863470	G3	Mallikarjun	100ft	0	35.948	150.01
SIM	1637863500	G3	Mallikarjun	100ft	0	40.416	175.008
SIM	1637863531	G3	Mallikarjun	100ft	1	40.651	176.236
SIM	1637863555	G3	Mallikarjun	100ft	1	51.808	199.176
SIM	1637863644	G3	Mallikarjun	100ft	1	40.632	176.165
SIM	1637863663	G3	Mallikarjun	100ft	1	43.752	201.698
SIM	1637863730	G3	Mallikarjun	100ft	1	43.916	201.604
SIM	1637863820	G3	Mallikarjun	100ft	0	42.107	185.024
SIM	1637863837	G3	Mallikarjun	100ft	0	43.727	200.02
SIM	1637863868	G3	Mallikarjun	100ft	1	43.912	201.57
SIM	1637863926	G3	Mallikarjun	100ft	1	43.991	201.993
SIM	1637863954	G3	Mallikarjun	100ft	1	44.076	201.602
SIM	1637863983	G3	Mallikarjun	100ft	1	44.309	201.195
SIM	1637864038	G3	Mallikarjun	100ft	1	44.747	200.528
SIM	1637864243	G3	Mallikarjun	100ft	0	588.76	0.0224866
SIM	1637864265	G3	Mallikarjun	100ft	1	26.375	181.045
SIM	1637864534	G3	Mallikarjun	100ft	1	26.375	181.045
